<?xml version="1.0" encoding="UTF-8"?>
<testng-results skipped="0" failed="0" ignored="0" total="1" passed="1">
  <reporter-output>
  </reporter-output>
  <suite name=" TEST SUITE" duration-ms="19706" started-at="2020-08-16T01:38:35 IST" finished-at="2020-08-16T01:38:55 IST">
    <groups>
      <group name="test">
        <method signature="SearchTests.searchTest(java.lang.String)[pri:1, instance:org.GL.client.UI.tests.SearchTests@2f7298b]" name="searchTest" class="org.GL.client.UI.tests.SearchTests"/>
      </group> <!-- test -->
    </groups>
    <test name="Chrome Test" duration-ms="19706" started-at="2020-08-16T01:38:35 IST" finished-at="2020-08-16T01:38:55 IST">
      <class name="org.GL.client.UI.core.BaseTest">
        <test-method status="PASS" signature="envSetUp(java.lang.String, java.lang.String, boolean)[pri:0, instance:org.GL.client.UI.core.BaseTest@16ec5519]" name="envSetUp" is-config="true" duration-ms="12544" started-at="2020-08-16T01:38:35 IST" finished-at="2020-08-16T01:38:48 IST">
          <params>
            <param index="0">
              <value>
                <![CDATA[Chrome]]>
              </value>
            </param>
            <param index="1">
              <value>
                <![CDATA[PreProduction]]>
              </value>
            </param>
            <param index="2">
              <value>
                <![CDATA[true]]>
              </value>
            </param>
          </params>
          <reporter-output>
          </reporter-output>
        </test-method> <!-- envSetUp -->
        <test-method status="PASS" signature="tearDown()[pri:0, instance:org.GL.client.UI.core.BaseTest@16ec5519]" name="tearDown" is-config="true" duration-ms="3155" started-at="2020-08-16T01:38:52 IST" finished-at="2020-08-16T01:38:55 IST">
          <reporter-output>
          </reporter-output>
        </test-method> <!-- tearDown -->
      </class> <!-- org.GL.client.UI.core.BaseTest -->
      <class name="org.GL.client.UI.tests.SearchTests">
        <test-method status="PASS" signature="initClass()[pri:0, instance:org.GL.client.UI.tests.SearchTests@2f7298b]" name="initClass" is-config="true" duration-ms="16" started-at="2020-08-16T01:38:48 IST" finished-at="2020-08-16T01:38:48 IST">
          <reporter-output>
          </reporter-output>
        </test-method> <!-- initClass -->
        <test-method status="PASS" signature="searchTest(java.lang.String)[pri:1, instance:org.GL.client.UI.tests.SearchTests@2f7298b]" name="searchTest" duration-ms="3905" started-at="2020-08-16T01:38:48 IST" finished-at="2020-08-16T01:38:52 IST">
          <params>
            <param index="0">
              <value>
                <![CDATA[email]]>
              </value>
            </param>
          </params>
          <reporter-output>
          </reporter-output>
        </test-method> <!-- searchTest -->
      </class> <!-- org.GL.client.UI.tests.SearchTests -->
    </test> <!-- Chrome Test -->
  </suite> <!--  TEST SUITE -->
</testng-results>
